[     906ms] [ERROR] Access to fetch at 'https://gamma-api.polymarket.com/events?active=true&limit=20&order=volume24hr' from origin 'http://localhost:3000' has been blocked by CORS policy: No 'Access-Control-Allow-Origin' header is present on the requested resource. If an opaque response serves your needs, set the request's mode to 'no-cors' to fetch the resource with CORS disabled. @ http://localhost:3000/:0
[     906ms] [ERROR] Failed to load resource: net::ERR_FAILED @ https://gamma-api.polymarket.com/events?active=true&limit=20&order=volume24hr:0
[    1926ms] [ERROR] Access to fetch at 'https://gamma-api.polymarket.com/events?active=true&limit=20&order=volume24hr' from origin 'http://localhost:3000' has been blocked by CORS policy: No 'Access-Control-Allow-Origin' header is present on the requested resource. If an opaque response serves your needs, set the request's mode to 'no-cors' to fetch the resource with CORS disabled. @ http://localhost:3000/:0
[    1927ms] [ERROR] Failed to load resource: net::ERR_FAILED @ https://gamma-api.polymarket.com/events?active=true&limit=20&order=volume24hr:0
[    3948ms] [ERROR] Access to fetch at 'https://gamma-api.polymarket.com/events?active=true&limit=20&order=volume24hr' from origin 'http://localhost:3000' has been blocked by CORS policy: No 'Access-Control-Allow-Origin' header is present on the requested resource. If an opaque response serves your needs, set the request's mode to 'no-cors' to fetch the resource with CORS disabled. @ http://localhost:3000/:0
[    3948ms] [ERROR] Failed to load resource: net::ERR_FAILED @ https://gamma-api.polymarket.com/events?active=true&limit=20&order=volume24hr:0
[    8225ms] [ERROR] Access to fetch at 'https://gamma-api.polymarket.com/events?active=true&limit=20&order=volume24hr' from origin 'http://localhost:3000' has been blocked by CORS policy: No 'Access-Control-Allow-Origin' header is present on the requested resource. If an opaque response serves your needs, set the request's mode to 'no-cors' to fetch the resource with CORS disabled. @ http://localhost:3000/:0
[    8226ms] [ERROR] Failed to load resource: net::ERR_FAILED @ https://gamma-api.polymarket.com/events?active=true&limit=20&order=volume24hr:0
[   43863ms] [WARNING] Detected `scroll-behavior: smooth` on the `<html>` element. To disable smooth scrolling during route transitions, add `data-scroll-behavior="smooth"` to your <html> element. Learn more: https://nextjs.org/docs/messages/missing-data-scroll-behavior @ http://localhost:3000/_next/static/chunks/node_modules_next_dist_f3530cac._.js:2297
[   44290ms] [ERROR] Failed to load resource: the server responded with a status of 404 () @ https://clob.polymarket.com/book?token_id=32048899521530830405251207192396457443544805090584538722298172606585259595176:0
[   44302ms] [ERROR] Failed to load resource: the server responded with a status of 404 () @ https://clob.polymarket.com/midpoint?token_id=32048899521530830405251207192396457443544805090584538722298172606585259595176:0
[   44322ms] [ERROR] Failed to load resource: the server responded with a status of 400 () @ https://data-api.polymarket.com/activity?market=0x99c96e263084ec9272ed68cd130030f02ce2238ee32bededb6a88c25fd3f126e&limit=15:0
[   44411ms] [ERROR] Failed to load resource: the server responded with a status of 400 () @ https://data-api.polymarket.com/activity?market=0x99c96e263084ec9272ed68cd130030f02ce2238ee32bededb6a88c25fd3f126e&limit=15:0
[   45373ms] [ERROR] Failed to load resource: the server responded with a status of 404 () @ https://clob.polymarket.com/book?token_id=32048899521530830405251207192396457443544805090584538722298172606585259595176:0
[   47463ms] [ERROR] Failed to load resource: the server responded with a status of 404 () @ https://clob.polymarket.com/book?token_id=32048899521530830405251207192396457443544805090584538722298172606585259595176:0
[   49389ms] [ERROR] Failed to load resource: the server responded with a status of 404 () @ https://clob.polymarket.com/midpoint?token_id=32048899521530830405251207192396457443544805090584538722298172606585259595176:0
[   61730ms] [WARNING] Detected `scroll-behavior: smooth` on the `<html>` element. To disable smooth scrolling during route transitions, add `data-scroll-behavior="smooth"` to your <html> element. Learn more: https://nextjs.org/docs/messages/missing-data-scroll-behavior @ http://localhost:3000/_next/static/chunks/node_modules_next_dist_f3530cac._.js:2297
[   61833ms] [ERROR] Access to fetch at 'https://gamma-api.polymarket.com/events?active=true&limit=20&order=volume24hr' from origin 'http://localhost:3000' has been blocked by CORS policy: No 'Access-Control-Allow-Origin' header is present on the requested resource. If an opaque response serves your needs, set the request's mode to 'no-cors' to fetch the resource with CORS disabled. @ http://localhost:3000/:0
[   61833ms] [ERROR] Failed to load resource: net::ERR_FAILED @ https://gamma-api.polymarket.com/events?active=true&limit=20&order=volume24hr:0
[   62853ms] [ERROR] Access to fetch at 'https://gamma-api.polymarket.com/events?active=true&limit=20&order=volume24hr' from origin 'http://localhost:3000' has been blocked by CORS policy: No 'Access-Control-Allow-Origin' header is present on the requested resource. If an opaque response serves your needs, set the request's mode to 'no-cors' to fetch the resource with CORS disabled. @ http://localhost:3000/:0
[   62853ms] [ERROR] Failed to load resource: net::ERR_FAILED @ https://gamma-api.polymarket.com/events?active=true&limit=20&order=volume24hr:0
[   64875ms] [ERROR] Access to fetch at 'https://gamma-api.polymarket.com/events?active=true&limit=20&order=volume24hr' from origin 'http://localhost:3000' has been blocked by CORS policy: No 'Access-Control-Allow-Origin' header is present on the requested resource. If an opaque response serves your needs, set the request's mode to 'no-cors' to fetch the resource with CORS disabled. @ http://localhost:3000/:0
[   64875ms] [ERROR] Failed to load resource: net::ERR_FAILED @ https://gamma-api.polymarket.com/events?active=true&limit=20&order=volume24hr:0
[   68892ms] [ERROR] Access to fetch at 'https://gamma-api.polymarket.com/events?active=true&limit=20&order=volume24hr' from origin 'http://localhost:3000' has been blocked by CORS policy: No 'Access-Control-Allow-Origin' header is present on the requested resource. If an opaque response serves your needs, set the request's mode to 'no-cors' to fetch the resource with CORS disabled. @ http://localhost:3000/:0
[   68892ms] [ERROR] Failed to load resource: net::ERR_FAILED @ https://gamma-api.polymarket.com/events?active=true&limit=20&order=volume24hr:0
