[     802ms] [ERROR] Access to fetch at 'https://gamma-api.polymarket.com/events?active=true&limit=20&order=volume24hr' from origin 'http://localhost:3000' has been blocked by CORS policy: No 'Access-Control-Allow-Origin' header is present on the requested resource. If an opaque response serves your needs, set the request's mode to 'no-cors' to fetch the resource with CORS disabled. @ http://localhost:3000/:0
[     802ms] [ERROR] Failed to load resource: net::ERR_FAILED @ https://gamma-api.polymarket.com/events?active=true&limit=20&order=volume24hr:0
[    1581ms] [WARNING] Image with src "https://polymarket-upload.s3.us-east-2.amazonaws.com/how-many-more-tweets-will-be-on-the-whcos-account-on-march-12-2021-3363d0e0-ef59-4b48-a3e2-c5ab8e42cb45.png" was detected as the Largest Contentful Paint (LCP). Please add the `loading="eager"` property if this image is above the fold.
Read more: https://nextjs.org/docs/app/api-reference/components/image#loading @ http://localhost:3000/_next/static/chunks/node_modules_next_dist_f3530cac._.js:2297
[    1647ms] [WARNING] Image with src "https://polymarket-upload.s3.us-east-2.amazonaws.com/worldcup2022.png" was detected as the Largest Contentful Paint (LCP). Please add the `loading="eager"` property if this image is above the fold.
Read more: https://nextjs.org/docs/app/api-reference/components/image#loading @ http://localhost:3000/_next/static/chunks/node_modules_next_dist_f3530cac._.js:2297
[    1821ms] [ERROR] Access to fetch at 'https://gamma-api.polymarket.com/events?active=true&limit=20&order=volume24hr' from origin 'http://localhost:3000' has been blocked by CORS policy: No 'Access-Control-Allow-Origin' header is present on the requested resource. If an opaque response serves your needs, set the request's mode to 'no-cors' to fetch the resource with CORS disabled. @ http://localhost:3000/:0
[    1821ms] [ERROR] Failed to load resource: net::ERR_FAILED @ https://gamma-api.polymarket.com/events?active=true&limit=20&order=volume24hr:0
[    3840ms] [ERROR] Access to fetch at 'https://gamma-api.polymarket.com/events?active=true&limit=20&order=volume24hr' from origin 'http://localhost:3000' has been blocked by CORS policy: No 'Access-Control-Allow-Origin' header is present on the requested resource. If an opaque response serves your needs, set the request's mode to 'no-cors' to fetch the resource with CORS disabled. @ http://localhost:3000/:0
[    3840ms] [ERROR] Failed to load resource: net::ERR_FAILED @ https://gamma-api.polymarket.com/events?active=true&limit=20&order=volume24hr:0
[    7863ms] [ERROR] Access to fetch at 'https://gamma-api.polymarket.com/events?active=true&limit=20&order=volume24hr' from origin 'http://localhost:3000' has been blocked by CORS policy: No 'Access-Control-Allow-Origin' header is present on the requested resource. If an opaque response serves your needs, set the request's mode to 'no-cors' to fetch the resource with CORS disabled. @ http://localhost:3000/:0
[    7863ms] [ERROR] Failed to load resource: net::ERR_FAILED @ https://gamma-api.polymarket.com/events?active=true&limit=20&order=volume24hr:0
[   51708ms] [WARNING] Detected `scroll-behavior: smooth` on the `<html>` element. To disable smooth scrolling during route transitions, add `data-scroll-behavior="smooth"` to your <html> element. Learn more: https://nextjs.org/docs/messages/missing-data-scroll-behavior @ http://localhost:3000/_next/static/chunks/node_modules_next_dist_f3530cac._.js:2297
[   88845ms] [ERROR] Access to fetch at 'https://gamma-api.polymarket.com/events?active=true&limit=20&order=volume24hr' from origin 'http://localhost:3000' has been blocked by CORS policy: No 'Access-Control-Allow-Origin' header is present on the requested resource. If an opaque response serves your needs, set the request's mode to 'no-cors' to fetch the resource with CORS disabled. @ http://localhost:3000/:0
[   88846ms] [ERROR] Failed to load resource: net::ERR_FAILED @ https://gamma-api.polymarket.com/events?active=true&limit=20&order=volume24hr:0
[   89867ms] [ERROR] Access to fetch at 'https://gamma-api.polymarket.com/events?active=true&limit=20&order=volume24hr' from origin 'http://localhost:3000' has been blocked by CORS policy: No 'Access-Control-Allow-Origin' header is present on the requested resource. If an opaque response serves your needs, set the request's mode to 'no-cors' to fetch the resource with CORS disabled. @ http://localhost:3000/:0
[   89867ms] [ERROR] Failed to load resource: net::ERR_FAILED @ https://gamma-api.polymarket.com/events?active=true&limit=20&order=volume24hr:0
[   91681ms] [WARNING] Detected `scroll-behavior: smooth` on the `<html>` element. To disable smooth scrolling during route transitions, add `data-scroll-behavior="smooth"` to your <html> element. Learn more: https://nextjs.org/docs/messages/missing-data-scroll-behavior @ http://localhost:3000/_next/static/chunks/node_modules_next_dist_f3530cac._.js:2297
[   93736ms] [ERROR] Access to fetch at 'https://gamma-api.polymarket.com/events?active=true&limit=20&order=volume24hr' from origin 'http://localhost:3000' has been blocked by CORS policy: No 'Access-Control-Allow-Origin' header is present on the requested resource. If an opaque response serves your needs, set the request's mode to 'no-cors' to fetch the resource with CORS disabled. @ http://localhost:3000/:0
[   93736ms] [ERROR] Failed to load resource: net::ERR_FAILED @ https://gamma-api.polymarket.com/events?active=true&limit=20&order=volume24hr:0
[   94774ms] [ERROR] Access to fetch at 'https://gamma-api.polymarket.com/events?active=true&limit=20&order=volume24hr' from origin 'http://localhost:3000' has been blocked by CORS policy: No 'Access-Control-Allow-Origin' header is present on the requested resource. If an opaque response serves your needs, set the request's mode to 'no-cors' to fetch the resource with CORS disabled. @ http://localhost:3000/:0
[   94774ms] [ERROR] Failed to load resource: net::ERR_FAILED @ https://gamma-api.polymarket.com/events?active=true&limit=20&order=volume24hr:0
[   96802ms] [ERROR] Access to fetch at 'https://gamma-api.polymarket.com/events?active=true&limit=20&order=volume24hr' from origin 'http://localhost:3000' has been blocked by CORS policy: No 'Access-Control-Allow-Origin' header is present on the requested resource. If an opaque response serves your needs, set the request's mode to 'no-cors' to fetch the resource with CORS disabled. @ http://localhost:3000/:0
[   96802ms] [ERROR] Failed to load resource: net::ERR_FAILED @ https://gamma-api.polymarket.com/events?active=true&limit=20&order=volume24hr:0
[  100835ms] [ERROR] Access to fetch at 'https://gamma-api.polymarket.com/events?active=true&limit=20&order=volume24hr' from origin 'http://localhost:3000' has been blocked by CORS policy: No 'Access-Control-Allow-Origin' header is present on the requested resource. If an opaque response serves your needs, set the request's mode to 'no-cors' to fetch the resource with CORS disabled. @ http://localhost:3000/:0
[  100836ms] [ERROR] Failed to load resource: net::ERR_FAILED @ https://gamma-api.polymarket.com/events?active=true&limit=20&order=volume24hr:0
[  158779ms] [ERROR] Access to fetch at 'https://gamma-api.polymarket.com/events?active=true&limit=20&order=volume24hr' from origin 'http://localhost:3000' has been blocked by CORS policy: No 'Access-Control-Allow-Origin' header is present on the requested resource. If an opaque response serves your needs, set the request's mode to 'no-cors' to fetch the resource with CORS disabled. @ http://localhost:3000/:0
[  158779ms] [ERROR] Failed to load resource: net::ERR_FAILED @ https://gamma-api.polymarket.com/events?active=true&limit=20&order=volume24hr:0
[  159799ms] [ERROR] Access to fetch at 'https://gamma-api.polymarket.com/events?active=true&limit=20&order=volume24hr' from origin 'http://localhost:3000' has been blocked by CORS policy: No 'Access-Control-Allow-Origin' header is present on the requested resource. If an opaque response serves your needs, set the request's mode to 'no-cors' to fetch the resource with CORS disabled. @ http://localhost:3000/:0
[  159800ms] [ERROR] Failed to load resource: net::ERR_FAILED @ https://gamma-api.polymarket.com/events?active=true&limit=20&order=volume24hr:0
[  161819ms] [ERROR] Access to fetch at 'https://gamma-api.polymarket.com/events?active=true&limit=20&order=volume24hr' from origin 'http://localhost:3000' has been blocked by CORS policy: No 'Access-Control-Allow-Origin' header is present on the requested resource. If an opaque response serves your needs, set the request's mode to 'no-cors' to fetch the resource with CORS disabled. @ http://localhost:3000/:0
[  161819ms] [ERROR] Failed to load resource: net::ERR_FAILED @ https://gamma-api.polymarket.com/events?active=true&limit=20&order=volume24hr:0
[  165841ms] [ERROR] Access to fetch at 'https://gamma-api.polymarket.com/events?active=true&limit=20&order=volume24hr' from origin 'http://localhost:3000' has been blocked by CORS policy: No 'Access-Control-Allow-Origin' header is present on the requested resource. If an opaque response serves your needs, set the request's mode to 'no-cors' to fetch the resource with CORS disabled. @ http://localhost:3000/:0
[  165842ms] [ERROR] Failed to load resource: net::ERR_FAILED @ https://gamma-api.polymarket.com/events?active=true&limit=20&order=volume24hr:0
