[   47665ms] [WARNING] Detected `scroll-behavior: smooth` on the `<html>` element. To disable smooth scrolling during route transitions, add `data-scroll-behavior="smooth"` to your <html> element. Learn more: https://nextjs.org/docs/messages/missing-data-scroll-behavior @ http://localhost:3000/_next/static/chunks/node_modules_next_dist_f3530cac._.js:2297
[   48052ms] [ERROR] Access to fetch at 'https://gamma-api.polymarket.com/events?active=true&limit=20&order=volume24hr' from origin 'http://localhost:3000' has been blocked by CORS policy: No 'Access-Control-Allow-Origin' header is present on the requested resource. If an opaque response serves your needs, set the request's mode to 'no-cors' to fetch the resource with CORS disabled. @ http://localhost:3000/:0
[   48053ms] [ERROR] Failed to load resource: net::ERR_FAILED @ https://gamma-api.polymarket.com/events?active=true&limit=20&order=volume24hr:0
[   49082ms] [ERROR] Access to fetch at 'https://gamma-api.polymarket.com/events?active=true&limit=20&order=volume24hr' from origin 'http://localhost:3000' has been blocked by CORS policy: No 'Access-Control-Allow-Origin' header is present on the requested resource. If an opaque response serves your needs, set the request's mode to 'no-cors' to fetch the resource with CORS disabled. @ http://localhost:3000/:0
[   49082ms] [ERROR] Failed to load resource: net::ERR_FAILED @ https://gamma-api.polymarket.com/events?active=true&limit=20&order=volume24hr:0
[   51100ms] [ERROR] Access to fetch at 'https://gamma-api.polymarket.com/events?active=true&limit=20&order=volume24hr' from origin 'http://localhost:3000' has been blocked by CORS policy: No 'Access-Control-Allow-Origin' header is present on the requested resource. If an opaque response serves your needs, set the request's mode to 'no-cors' to fetch the resource with CORS disabled. @ http://localhost:3000/:0
[   51100ms] [ERROR] Failed to load resource: net::ERR_FAILED @ https://gamma-api.polymarket.com/events?active=true&limit=20&order=volume24hr:0
[   55120ms] [ERROR] Access to fetch at 'https://gamma-api.polymarket.com/events?active=true&limit=20&order=volume24hr' from origin 'http://localhost:3000' has been blocked by CORS policy: No 'Access-Control-Allow-Origin' header is present on the requested resource. If an opaque response serves your needs, set the request's mode to 'no-cors' to fetch the resource with CORS disabled. @ http://localhost:3000/:0
[   55120ms] [ERROR] Failed to load resource: net::ERR_FAILED @ https://gamma-api.polymarket.com/events?active=true&limit=20&order=volume24hr:0
[   62245ms] [ERROR] Failed to load resource: the server responded with a status of 404 () @ https://clob.polymarket.com/midpoint?token_id=59910052863056661118505247207131840204354059777537604460582423116328010603820:0
[   62261ms] [ERROR] Failed to load resource: the server responded with a status of 404 () @ https://clob.polymarket.com/book?token_id=59910052863056661118505247207131840204354059777537604460582423116328010603820:0
[   62264ms] [ERROR] Failed to load resource: the server responded with a status of 400 () @ https://data-api.polymarket.com/activity?market=0x0695349c4a15b52833a7d45d7b74aaab7468fe18565e1c8ae4293efe4ad7d5cb&limit=15:0
[   62370ms] [ERROR] Failed to load resource: the server responded with a status of 400 () @ https://data-api.polymarket.com/activity?market=0x0695349c4a15b52833a7d45d7b74aaab7468fe18565e1c8ae4293efe4ad7d5cb&limit=15:0
[   63346ms] [ERROR] Failed to load resource: the server responded with a status of 404 () @ https://clob.polymarket.com/book?token_id=59910052863056661118505247207131840204354059777537604460582423116328010603820:0
[   65428ms] [ERROR] Failed to load resource: the server responded with a status of 404 () @ https://clob.polymarket.com/book?token_id=59910052863056661118505247207131840204354059777537604460582423116328010603820:0
[   67323ms] [ERROR] Failed to load resource: the server responded with a status of 404 () @ https://clob.polymarket.com/midpoint?token_id=59910052863056661118505247207131840204354059777537604460582423116328010603820:0
[   69146ms] [ERROR] Access to fetch at 'https://gamma-api.polymarket.com/events?active=true&limit=20&order=volume24hr' from origin 'http://localhost:3000' has been blocked by CORS policy: No 'Access-Control-Allow-Origin' header is present on the requested resource. If an opaque response serves your needs, set the request's mode to 'no-cors' to fetch the resource with CORS disabled. @ http://localhost:3000/:0
[   69146ms] [ERROR] Failed to load resource: net::ERR_FAILED @ https://gamma-api.polymarket.com/events?active=true&limit=20&order=volume24hr:0
[   70164ms] [ERROR] Access to fetch at 'https://gamma-api.polymarket.com/events?active=true&limit=20&order=volume24hr' from origin 'http://localhost:3000' has been blocked by CORS policy: No 'Access-Control-Allow-Origin' header is present on the requested resource. If an opaque response serves your needs, set the request's mode to 'no-cors' to fetch the resource with CORS disabled. @ http://localhost:3000/:0
[   70164ms] [ERROR] Failed to load resource: net::ERR_FAILED @ https://gamma-api.polymarket.com/events?active=true&limit=20&order=volume24hr:0
[   70801ms] [ERROR] Failed to load resource: the server responded with a status of 404 () @ https://clob.polymarket.com/midpoint?token_id=27071085379508273115655353709882539697621440534691345437554749855372129201098:0
[   70809ms] [ERROR] Failed to load resource: the server responded with a status of 404 () @ https://clob.polymarket.com/book?token_id=27071085379508273115655353709882539697621440534691345437554749855372129201098:0
[   70817ms] [ERROR] Failed to load resource: the server responded with a status of 400 () @ https://data-api.polymarket.com/activity?market=0x7ef56ffc0738abcbd1b5e77f56698b443ae67c354e82f20190bdc823ac589b7b&limit=15:0
[   70915ms] [ERROR] Failed to load resource: the server responded with a status of 400 () @ https://data-api.polymarket.com/activity?market=0x7ef56ffc0738abcbd1b5e77f56698b443ae67c354e82f20190bdc823ac589b7b&limit=15:0
[   71887ms] [ERROR] Failed to load resource: the server responded with a status of 404 () @ https://clob.polymarket.com/book?token_id=27071085379508273115655353709882539697621440534691345437554749855372129201098:0
[   73966ms] [ERROR] Failed to load resource: the server responded with a status of 404 () @ https://clob.polymarket.com/book?token_id=27071085379508273115655353709882539697621440534691345437554749855372129201098:0
[   75886ms] [ERROR] Failed to load resource: the server responded with a status of 404 () @ https://clob.polymarket.com/midpoint?token_id=27071085379508273115655353709882539697621440534691345437554749855372129201098:0
[   78050ms] [ERROR] Failed to load resource: the server responded with a status of 404 () @ https://clob.polymarket.com/book?token_id=27071085379508273115655353709882539697621440534691345437554749855372129201098:0
[   80964ms] [ERROR] Failed to load resource: the server responded with a status of 404 () @ https://clob.polymarket.com/midpoint?token_id=27071085379508273115655353709882539697621440534691345437554749855372129201098:0
[   83132ms] [ERROR] Failed to load resource: the server responded with a status of 404 () @ https://clob.polymarket.com/book?token_id=27071085379508273115655353709882539697621440534691345437554749855372129201098:0
[   84218ms] [ERROR] Failed to load resource: the server responded with a status of 404 () @ https://clob.polymarket.com/book?token_id=27071085379508273115655353709882539697621440534691345437554749855372129201098:0
[   85825ms] [ERROR] Failed to load resource: the server responded with a status of 400 () @ https://data-api.polymarket.com/activity?market=0x7ef56ffc0738abcbd1b5e77f56698b443ae67c354e82f20190bdc823ac589b7b&limit=15:0
[   86055ms] [ERROR] Failed to load resource: the server responded with a status of 404 () @ https://clob.polymarket.com/midpoint?token_id=27071085379508273115655353709882539697621440534691345437554749855372129201098:0
[   86297ms] [ERROR] Failed to load resource: the server responded with a status of 404 () @ https://clob.polymarket.com/book?token_id=27071085379508273115655353709882539697621440534691345437554749855372129201098:0
[   90384ms] [ERROR] Failed to load resource: the server responded with a status of 404 () @ https://clob.polymarket.com/book?token_id=27071085379508273115655353709882539697621440534691345437554749855372129201098:0
[   91139ms] [ERROR] Failed to load resource: the server responded with a status of 404 () @ https://clob.polymarket.com/midpoint?token_id=27071085379508273115655353709882539697621440534691345437554749855372129201098:0
