[    1323ms] [ERROR] Access to fetch at 'https://gamma-api.polymarket.com/events?active=true&limit=20&order=volume24hr' from origin 'http://localhost:3000' has been blocked by CORS policy: No 'Access-Control-Allow-Origin' header is present on the requested resource. If an opaque response serves your needs, set the request's mode to 'no-cors' to fetch the resource with CORS disabled. @ http://localhost:3000/:0
[    1324ms] [ERROR] Failed to load resource: net::ERR_FAILED @ https://gamma-api.polymarket.com/events?active=true&limit=20&order=volume24hr:0
[    1811ms] [WARNING] Image with src "https://polymarket-upload.s3.us-east-2.amazonaws.com/Repetitive-markets/IPL.png" was detected as the Largest Contentful Paint (LCP). Please add the `loading="eager"` property if this image is above the fold.
Read more: https://nextjs.org/docs/app/api-reference/components/image#loading @ http://localhost:3000/_next/static/chunks/node_modules_next_dist_f3530cac._.js:2297
[    2352ms] [ERROR] Access to fetch at 'https://gamma-api.polymarket.com/events?active=true&limit=20&order=volume24hr' from origin 'http://localhost:3000' has been blocked by CORS policy: No 'Access-Control-Allow-Origin' header is present on the requested resource. If an opaque response serves your needs, set the request's mode to 'no-cors' to fetch the resource with CORS disabled. @ http://localhost:3000/:0
[    2352ms] [ERROR] Failed to load resource: net::ERR_FAILED @ https://gamma-api.polymarket.com/events?active=true&limit=20&order=volume24hr:0
[    4372ms] [ERROR] Access to fetch at 'https://gamma-api.polymarket.com/events?active=true&limit=20&order=volume24hr' from origin 'http://localhost:3000' has been blocked by CORS policy: No 'Access-Control-Allow-Origin' header is present on the requested resource. If an opaque response serves your needs, set the request's mode to 'no-cors' to fetch the resource with CORS disabled. @ http://localhost:3000/:0
[    4373ms] [ERROR] Failed to load resource: net::ERR_FAILED @ https://gamma-api.polymarket.com/events?active=true&limit=20&order=volume24hr:0
[    8165ms] [WARNING] Image with src "https://polymarket-upload.s3.us-east-2.amazonaws.com/will-ben-armstrong-bitboy-land-any-strikes-BZjGYjOERR0s.jpg" was detected as the Largest Contentful Paint (LCP). Please add the `loading="eager"` property if this image is above the fold.
Read more: https://nextjs.org/docs/app/api-reference/components/image#loading @ http://localhost:3000/_next/static/chunks/node_modules_next_dist_f3530cac._.js:2297
[    8392ms] [ERROR] Access to fetch at 'https://gamma-api.polymarket.com/events?active=true&limit=20&order=volume24hr' from origin 'http://localhost:3000' has been blocked by CORS policy: No 'Access-Control-Allow-Origin' header is present on the requested resource. If an opaque response serves your needs, set the request's mode to 'no-cors' to fetch the resource with CORS disabled. @ http://localhost:3000/:0
[    8393ms] [ERROR] Failed to load resource: net::ERR_FAILED @ https://gamma-api.polymarket.com/events?active=true&limit=20&order=volume24hr:0
[   17462ms] [WARNING] Detected `scroll-behavior: smooth` on the `<html>` element. To disable smooth scrolling during route transitions, add `data-scroll-behavior="smooth"` to your <html> element. Learn more: https://nextjs.org/docs/messages/missing-data-scroll-behavior @ http://localhost:3000/_next/static/chunks/node_modules_next_dist_f3530cac._.js:2297
[   24035ms] [ERROR] Access to fetch at 'https://gamma-api.polymarket.com/events?active=true&limit=20&order=volume24hr' from origin 'http://localhost:3000' has been blocked by CORS policy: No 'Access-Control-Allow-Origin' header is present on the requested resource. If an opaque response serves your needs, set the request's mode to 'no-cors' to fetch the resource with CORS disabled. @ http://localhost:3000/:0
[   24036ms] [ERROR] Failed to load resource: net::ERR_FAILED @ https://gamma-api.polymarket.com/events?active=true&limit=20&order=volume24hr:0
[   25053ms] [ERROR] Access to fetch at 'https://gamma-api.polymarket.com/events?active=true&limit=20&order=volume24hr' from origin 'http://localhost:3000' has been blocked by CORS policy: No 'Access-Control-Allow-Origin' header is present on the requested resource. If an opaque response serves your needs, set the request's mode to 'no-cors' to fetch the resource with CORS disabled. @ http://localhost:3000/:0
[   25053ms] [ERROR] Failed to load resource: net::ERR_FAILED @ https://gamma-api.polymarket.com/events?active=true&limit=20&order=volume24hr:0
[   27072ms] [ERROR] Access to fetch at 'https://gamma-api.polymarket.com/events?active=true&limit=20&order=volume24hr' from origin 'http://localhost:3000' has been blocked by CORS policy: No 'Access-Control-Allow-Origin' header is present on the requested resource. If an opaque response serves your needs, set the request's mode to 'no-cors' to fetch the resource with CORS disabled. @ http://localhost:3000/:0
[   27072ms] [ERROR] Failed to load resource: net::ERR_FAILED @ https://gamma-api.polymarket.com/events?active=true&limit=20&order=volume24hr:0
[   31097ms] [ERROR] Access to fetch at 'https://gamma-api.polymarket.com/events?active=true&limit=20&order=volume24hr' from origin 'http://localhost:3000' has been blocked by CORS policy: No 'Access-Control-Allow-Origin' header is present on the requested resource. If an opaque response serves your needs, set the request's mode to 'no-cors' to fetch the resource with CORS disabled. @ http://localhost:3000/:0
[   31097ms] [ERROR] Failed to load resource: net::ERR_FAILED @ https://gamma-api.polymarket.com/events?active=true&limit=20&order=volume24hr:0
